<?xml version="1.0" encoding="UTF-8"?>
<!-- Generated by org.testng.reporters.JUnitReportReporter -->
<testsuite hostname="VENKATs-MacBook-Air.local" failures="0" tests="1" name="final_runner.ProductfuncRunner" time="130.574" errors="0" timestamp="2025-03-19T17:28:46 IST" skipped="0">
  <testcase classname="final_runner.ProductfuncRunner" name="runScenario" time="130.574"/>
  <system-out/>
</testsuite> <!-- final_runner.ProductfuncRunner -->
