<?xml version="1.0" encoding="UTF-8"?>
<!-- Generated by org.testng.reporters.JUnitReportReporter -->
<testsuite hostname="VENKATs-MacBook-Air.local" failures="0" tests="2" name="final_runner.SubscribeRunner" time="79.650" errors="0" timestamp="2025-03-20T10:53:41 IST" skipped="0">
  <testcase classname="final_runner.SubscribeRunner" name="runScenario" time="40.232"/>
  <system-out/>
  <testcase classname="final_runner.SubscribeRunner" name="runScenario" time="39.418"/>
  <system-out/>
</testsuite> <!-- final_runner.SubscribeRunner -->
