<?xml version="1.0" encoding="UTF-8"?>
<!-- Generated by org.testng.reporters.JUnitReportReporter -->
<testsuite hostname="VENKATs-MacBook-Air.local" failures="0" tests="2" name="final_runner.SubscribeRunner" time="90.420" errors="0" timestamp="2025-03-18T22:15:04 IST" skipped="0">
  <testcase classname="final_runner.SubscribeRunner" name="runScenario" time="55.787"/>
  <system-out/>
  <testcase classname="final_runner.SubscribeRunner" name="runScenario" time="34.633"/>
  <system-out/>
</testsuite> <!-- final_runner.SubscribeRunner -->
