<?xml version="1.0" encoding="UTF-8"?>
<!-- Generated by org.testng.reporters.JUnitReportReporter -->
<testsuite hostname="VENKATs-MacBook-Air.local" failures="0" tests="12" name="final_runner.RegistrationRunner" time="831.884" errors="0" timestamp="2025-03-19T18:29:12 IST" skipped="0">
  <testcase classname="final_runner.RegistrationRunner" name="runScenario" time="32.808"/>
  <system-out/>
  <testcase classname="final_runner.RegistrationRunner" name="runScenario" time="63.653"/>
  <system-out/>
  <testcase classname="final_runner.RegistrationRunner" name="runScenario" time="69.571"/>
  <system-out/>
  <testcase classname="final_runner.RegistrationRunner" name="runScenario" time="76.030"/>
  <system-out/>
  <testcase classname="final_runner.RegistrationRunner" name="runScenario" time="107.441"/>
  <system-out/>
  <testcase classname="final_runner.RegistrationRunner" name="runScenario" time="87.838"/>
  <system-out/>
  <testcase classname="final_runner.RegistrationRunner" name="runScenario" time="34.193"/>
  <system-out/>
  <testcase classname="final_runner.RegistrationRunner" name="runScenario" time="68.880"/>
  <system-out/>
  <testcase classname="final_runner.RegistrationRunner" name="runScenario" time="77.405"/>
  <system-out/>
  <testcase classname="final_runner.RegistrationRunner" name="runScenario" time="35.600"/>
  <system-out/>
  <testcase classname="final_runner.RegistrationRunner" name="runScenario" time="97.008"/>
  <system-out/>
  <testcase classname="final_runner.RegistrationRunner" name="runScenario" time="81.457"/>
  <system-out/>
</testsuite> <!-- final_runner.RegistrationRunner -->
