<?xml version="1.0" encoding="UTF-8"?>
<!-- Generated by org.testng.reporters.JUnitReportReporter -->
<testsuite hostname="VENKATs-MacBook-Air.local" failures="0" tests="2" name="final_runner.ContactUsRunner" time="204.815" errors="0" timestamp="2025-03-19T09:34:08 IST" skipped="0">
  <testcase classname="final_runner.ContactUsRunner" name="runScenario" time="83.169"/>
  <system-out/>
  <testcase classname="final_runner.ContactUsRunner" name="runScenario" time="121.646"/>
  <system-out/>
</testsuite> <!-- final_runner.ContactUsRunner -->
