<?xml version="1.0" encoding="UTF-8"?>
<!-- Generated by org.testng.reporters.JUnitReportReporter -->
<testsuite hostname="VENKATs-MacBook-Air.local" failures="0" tests="12" name="registration_runner.LoginRunner" time="747.372" errors="0" timestamp="2025-03-18T09:25:00 IST" skipped="0">
  <testcase classname="registration_runner.LoginRunner" name="runScenario" time="49.469"/>
  <system-out/>
  <testcase classname="registration_runner.LoginRunner" name="runScenario" time="51.149"/>
  <system-out/>
  <testcase classname="registration_runner.LoginRunner" name="runScenario" time="30.514"/>
  <system-out/>
  <testcase classname="registration_runner.LoginRunner" name="runScenario" time="103.012"/>
  <system-out/>
  <testcase classname="registration_runner.LoginRunner" name="runScenario" time="73.551"/>
  <system-out/>
  <testcase classname="registration_runner.LoginRunner" name="runScenario" time="60.908"/>
  <system-out/>
  <testcase classname="registration_runner.LoginRunner" name="runScenario" time="30.930"/>
  <system-out/>
  <testcase classname="registration_runner.LoginRunner" name="runScenario" time="76.842"/>
  <system-out/>
  <testcase classname="registration_runner.LoginRunner" name="runScenario" time="53.421"/>
  <system-out/>
  <testcase classname="registration_runner.LoginRunner" name="runScenario" time="82.009"/>
  <system-out/>
  <testcase classname="registration_runner.LoginRunner" name="runScenario" time="50.193"/>
  <system-out/>
  <testcase classname="registration_runner.LoginRunner" name="runScenario" time="85.374"/>
  <system-out/>
</testsuite> <!-- registration_runner.LoginRunner -->
