<?xml version="1.0" encoding="UTF-8"?>
<!-- Generated by org.testng.reporters.JUnitReportReporter -->
<testsuite hostname="VENKATs-MacBook-Air.local" failures="0" tests="2" name="final_runner.SubscribeRunner" time="95.820" errors="0" timestamp="2025-03-19T10:25:35 IST" skipped="0">
  <testcase classname="final_runner.SubscribeRunner" name="runScenario" time="42.013"/>
  <system-out/>
  <testcase classname="final_runner.SubscribeRunner" name="runScenario" time="53.807"/>
  <system-out/>
</testsuite> <!-- final_runner.SubscribeRunner -->
