<?xml version="1.0" encoding="UTF-8"?>
<!-- Generated by org.testng.reporters.JUnitReportReporter -->
<testsuite hostname="VENKATs-MacBook-Air.local" failures="0" tests="2" name="registration_runner.ContactUsRunner" time="122.153" errors="0" timestamp="2025-03-17T23:03:42 IST" skipped="0">
  <testcase classname="registration_runner.ContactUsRunner" name="runScenario" time="55.247"/>
  <system-out/>
  <testcase classname="registration_runner.ContactUsRunner" name="runScenario" time="66.906"/>
  <system-out/>
</testsuite> <!-- registration_runner.ContactUsRunner -->
