<?xml version="1.0" encoding="UTF-8"?>
<!-- Generated by org.testng.reporters.JUnitReportReporter -->
<testsuite hostname="VENKATs-MacBook-Air.local" failures="0" tests="1" name="registration_runner.RegistrationRunner" time="75.608" errors="0" timestamp="2025-03-17T20:32:53 IST" skipped="0">
  <testcase classname="registration_runner.RegistrationRunner" name="runScenario" time="75.608"/>
  <system-out/>
</testsuite> <!-- registration_runner.RegistrationRunner -->
