<?xml version="1.0" encoding="UTF-8"?>
<!-- Generated by org.testng.reporters.JUnitReportReporter -->
<testsuite hostname="VENKATs-MacBook-Air.local" failures="0" tests="2" name="registration_runner.SubscribeRunner" time="45.691" errors="0" timestamp="2025-03-18T09:06:56 IST" skipped="0">
  <testcase classname="registration_runner.SubscribeRunner" name="runScenario" time="24.765"/>
  <system-out/>
  <testcase classname="registration_runner.SubscribeRunner" name="runScenario" time="20.926"/>
  <system-out/>
</testsuite> <!-- registration_runner.SubscribeRunner -->
