<?xml version="1.0" encoding="UTF-8"?>
<!-- Generated by org.testng.reporters.JUnitReportReporter -->
<testsuite hostname="VENKATs-MacBook-Air.local" failures="0" tests="2" name="final_runner.SubscribeRunner" time="71.452" errors="0" timestamp="2025-03-20T12:26:19 IST" skipped="0">
  <testcase classname="final_runner.SubscribeRunner" name="runScenario" time="37.369"/>
  <testcase classname="final_runner.SubscribeRunner" name="runScenario" time="34.083"/>
</testsuite> <!-- final_runner.SubscribeRunner -->
