<?xml version="1.0" encoding="UTF-8"?>
<!-- Generated by org.testng.reporters.JUnitReportReporter -->
<testsuite hostname="VENKATs-MacBook-Air.local" failures="0" tests="2" name="final_runner.LoginRunner" time="158.892" errors="0" timestamp="2025-03-20T12:26:19 IST" skipped="0">
  <testcase classname="final_runner.LoginRunner" name="runScenario" time="46.641"/>
  <testcase classname="final_runner.LoginRunner" name="runScenario" time="112.251"/>
</testsuite> <!-- final_runner.LoginRunner -->
