<?xml version="1.0" encoding="UTF-8"?>
<!-- Generated by org.testng.reporters.JUnitReportReporter -->
<testsuite hostname="VENKATs-MacBook-Air.local" failures="0" tests="2" name="final_runner.ContactUsRunner" time="103.771" errors="0" timestamp="2025-03-20T12:26:19 IST" skipped="0">
  <testcase classname="final_runner.ContactUsRunner" name="runScenario" time="54.335"/>
  <testcase classname="final_runner.ContactUsRunner" name="runScenario" time="49.436"/>
</testsuite> <!-- final_runner.ContactUsRunner -->
