<?xml version="1.0" encoding="UTF-8"?>
<!-- Generated by org.testng.reporters.JUnitReportReporter -->
<testsuite hostname="VENKATs-MacBook-Air.local" failures="0" tests="1" name="final_runner.RegistrationRunner" time="86.412" errors="0" timestamp="2025-03-20T12:26:19 IST" skipped="0">
  <testcase classname="final_runner.RegistrationRunner" name="runScenario" time="86.412"/>
</testsuite> <!-- final_runner.RegistrationRunner -->
