<?xml version="1.0" encoding="UTF-8"?>
<!-- Generated by org.testng.reporters.JUnitReportReporter -->
<testsuite hostname="VENKATs-MacBook-Air.local" failures="0" tests="4" name="final_runner.RemoveRunner" time="284.581" errors="0" timestamp="2025-03-20T12:26:19 IST" skipped="0">
  <testcase classname="final_runner.RemoveRunner" name="runScenario" time="73.883"/>
  <testcase classname="final_runner.RemoveRunner" name="runScenario" time="78.934"/>
  <testcase classname="final_runner.RemoveRunner" name="runScenario" time="59.033"/>
  <testcase classname="final_runner.RemoveRunner" name="runScenario" time="72.731"/>
</testsuite> <!-- final_runner.RemoveRunner -->
