<?xml version="1.0" encoding="UTF-8"?>
<!-- Generated by org.testng.reporters.JUnitReportReporter -->
<testsuite hostname="VENKATs-MacBook-Air.local" failures="0" tests="1" name="final_runner.ProductfuncRunner" time="95.383" errors="0" timestamp="2025-03-20T12:26:19 IST" skipped="0">
  <testcase classname="final_runner.ProductfuncRunner" name="runScenario" time="95.383"/>
</testsuite> <!-- final_runner.ProductfuncRunner -->
